<?xml version="1.0" encoding="UTF-8"?>
<!-- Generated by org.testng.reporters.JUnitXMLReporter -->
<testsuite hostname="DESKTOP-4SR6NAV" ignored="0" name="Default test" tests="3" failures="0" timestamp="17 Apr 2022 12:46:11 GMT" time="5.518" errors="0">
  <testcase name="VerifyUserListIsNotEmpty" time="3.728" classname="Automation.RestAssured.GetListUser"/>
  <testcase name="VerifyUserPagewiseDataList" time="0.7" classname="Automation.RestAssured.GetListUser"/>
  <testcase name="VerifyTheLIstForAccessTotalPage" time="0.286" classname="Automation.RestAssured.GetListUser"/>
</testsuite> <!-- Default test -->
